<?xml version="1.0" encoding="UTF-8"?>
<!-- Generated by org.testng.reporters.JUnitReportReporter -->
<testsuite hostname="DESKTOP-O259R8J" failures="0" tests="1" name="UploadFile" time="11.638" errors="0" timestamp="05 May 2019 23:41:32 GMT" skipped="0">
  <testcase classname="UploadFile" name="testUploadFile" time="11.638"/>
</testsuite> <!-- UploadFile -->
