<?xml version="1.0" encoding="UTF-8"?>
<!-- Generated by org.testng.reporters.JUnitReportReporter -->
<testsuite hostname="DESKTOP-O259R8J" failures="0" tests="1" name="TakeScreenShot" time="8.611" errors="0" timestamp="07 May 2019 17:48:07 GMT" skipped="0">
  <testcase classname="TakeScreenShot" name="getScreenShot" time="8.611"/>
</testsuite> <!-- TakeScreenShot -->
