<?xml version="1.0" encoding="UTF-8"?>
<!-- Generated by org.testng.reporters.JUnitReportReporter -->
<testsuite hostname="DESKTOP-O259R8J" failures="0" tests="1" name="CalendarDemo" time="12.867" errors="0" timestamp="03 May 2019 14:12:19 GMT" skipped="0">
  <testcase classname="CalendarDemo" name="selectDate" time="12.867"/>
</testsuite> <!-- CalendarDemo -->
