<?xml version="1.0" encoding="UTF-8"?>
<!-- Generated by org.testng.reporters.JUnitReportReporter -->
<testsuite hostname="DESKTOP-O259R8J" failures="0" tests="1" name="ActionsDemo" time="19.336" errors="0" timestamp="07 May 2019 15:52:37 GMT" skipped="0">
  <testcase classname="ActionsDemo" name="testActions" time="19.336"/>
</testsuite> <!-- ActionsDemo -->
