<?xml version="1.0" encoding="UTF-8"?>
<!-- Generated by org.testng.reporters.JUnitReportReporter -->
<testsuite skipped="0" hostname="DESKTOP-SLUED5U" name="BasicAuth" tests="1" failures="0" timestamp="17 May 2019 20:43:05 GMT" time="7.617" errors="0">
  <testcase name="testPopUpAuth" time="7.617" classname="BasicAuth"/>
</testsuite> <!-- BasicAuth -->
