<?xml version="1.0" encoding="UTF-8"?>
<!-- Generated by org.testng.reporters.JUnitReportReporter -->
<testsuite hostname="DESKTOP-O259R8J" failures="0" tests="1" name="Calendar" time="16.103" errors="0" timestamp="02 May 2019 20:19:26 GMT" skipped="0">
  <testcase classname="Calendar" name="selectDate" time="16.103"/>
</testsuite> <!-- Calendar -->
