<?xml version="1.0" encoding="UTF-8"?>
<!-- Generated by org.testng.reporters.JUnitReportReporter -->
<testsuite hostname="DESKTOP-O259R8J" failures="0" tests="1" name="CalendarDemo3" time="9.583" errors="0" timestamp="03 May 2019 21:42:07 GMT" skipped="0">
  <testcase classname="CalendarDemo3" name="selectdate" time="9.583"/>
</testsuite> <!-- CalendarDemo3 -->
