<?xml version="1.0" encoding="UTF-8"?>
<!-- Generated by org.testng.reporters.JUnitReportReporter -->
<testsuite hostname="DESKTOP-O259R8J" failures="0" tests="1" name="HeadlessBrowser" time="12.122" errors="0" timestamp="07 May 2019 21:58:54 GMT" skipped="0">
  <testcase classname="HeadlessBrowser" name="testHeadlessChrome" time="12.122"/>
</testsuite> <!-- HeadlessBrowser -->
