<?xml version="1.0" encoding="UTF-8"?>
<!-- Generated by org.testng.reporters.JUnitReportReporter -->
<testsuite hostname="DESKTOP-O259R8J" failures="0" tests="1" name="Navigations" time="18.872" errors="0" timestamp="07 May 2019 17:16:23 GMT" skipped="0">
  <testcase classname="Navigations" name="testNavigation" time="18.872"/>
</testsuite> <!-- Navigations -->
