<?xml version="1.0" encoding="UTF-8"?>
<!-- Generated by org.testng.reporters.JUnitReportReporter -->
<testsuite hostname="DESKTOP-O259R8J" failures="0" tests="1" name="JavaScriptPractice" time="26.094" errors="0" timestamp="08 May 2019 16:58:34 GMT" skipped="0">
  <testcase classname="JavaScriptPractice" name="testJavaScript" time="26.094"/>
</testsuite> <!-- JavaScriptPractice -->
