<?xml version="1.0" encoding="UTF-8"?>
<!-- Generated by org.testng.reporters.JUnitReportReporter -->
<testsuite skipped="0" hostname="DESKTOP-SLUED5U" name="WriteTableToExcel" tests="1" failures="0" timestamp="17 May 2019 12:41:23 GMT" time="12.328" errors="0">
  <testcase name="writeHTMLTableToExcel" time="12.328" classname="WriteTableToExcel"/>
</testsuite> <!-- WriteTableToExcel -->
