<?xml version="1.0" encoding="UTF-8"?>
<!-- Generated by org.testng.reporters.JUnitReportReporter -->
<testsuite skipped="0" hostname="DESKTOP-SLUED5U" name="HandleDropDown" tests="1" failures="0" timestamp="15 May 2019 20:50:02 GMT" time="12.194" errors="0">
  <testcase name="testDropDown" time="12.194" classname="HandleDropDown"/>
</testsuite> <!-- HandleDropDown -->
