<?xml version="1.0" encoding="UTF-8"?>
<!-- Generated by org.testng.reporters.JUnitReportReporter -->
<testsuite skipped="0" hostname="DESKTOP-SLUED5U" name="NoImages" tests="1" failures="0" timestamp="15 May 2019 16:17:09 GMT" time="12.126" errors="0">
  <testcase name="testHeadlessChrome" time="12.126" classname="NoImages"/>
</testsuite> <!-- NoImages -->
