<?xml version="1.0" encoding="UTF-8"?>
<!-- Generated by org.testng.reporters.JUnitReportReporter -->
<testsuite skipped="0" hostname="DESKTOP-SLUED5U" name="MyTestDemo" tests="2" failures="0" timestamp="15 May 2019 23:30:29 GMT" time="93.225" errors="0">
  <testcase name="navigation_FeatureTest" time="80.841" classname="MyTestDemo"/>
  <testcase name="navigationTest" time="12.384" classname="MyTestDemo"/>
</testsuite> <!-- MyTestDemo -->
