<?xml version="1.0" encoding="UTF-8"?>
<!-- Generated by org.testng.reporters.JUnitReportReporter -->
<testsuite hostname="DESKTOP-O259R8J" failures="0" tests="1" name="HandleFrame2" time="8.815" errors="0" timestamp="07 May 2019 15:57:49 GMT" skipped="0">
  <testcase classname="HandleFrame2" name="testFrame" time="8.815"/>
</testsuite> <!-- HandleFrame2 -->
