<?xml version="1.0" encoding="UTF-8"?>
<!-- Generated by org.testng.reporters.JUnitReportReporter -->
<testsuite hostname="DESKTOP-O259R8J" failures="0" tests="1" name="PDF_Reader" time="39.269" errors="0" timestamp="15 May 2019 01:04:17 GMT" skipped="0">
  <testcase classname="PDF_Reader" name="readPDF" time="39.269"/>
</testsuite> <!-- PDF_Reader -->
