<?xml version="1.0" encoding="UTF-8"?>
<!-- Generated by org.testng.reporters.JUnitReportReporter -->
<testsuite skipped="0" hostname="DESKTOP-SLUED5U" name="WorkWithExcel" tests="1" failures="0" timestamp="17 May 2019 12:44:51 GMT" time="8.272" errors="0">
  <testcase name="writeHTMLTableToExcel" time="8.272" classname="WorkWithExcel"/>
</testsuite> <!-- WorkWithExcel -->
