<?xml version="1.0" encoding="UTF-8"?>
<!-- Generated by org.testng.reporters.JUnitReportReporter -->
<testsuite hostname="DESKTOP-O259R8J" failures="0" tests="1" name="HandleDynamicTable" time="15.201" errors="0" timestamp="08 May 2019 21:32:41 GMT" skipped="0">
  <testcase classname="HandleDynamicTable" name="testTable1" time="15.201"/>
</testsuite> <!-- HandleDynamicTable -->
