<?xml version="1.0" encoding="UTF-8"?>
<!-- Generated by org.testng.reporters.JUnitReportReporter -->
<testsuite hostname="DESKTOP-O259R8J" failures="0" tests="1" name="CalendarDemo2" time="14.012" errors="0" timestamp="03 May 2019 15:17:00 GMT" skipped="0">
  <testcase classname="CalendarDemo2" name="selectDate" time="14.012"/>
</testsuite> <!-- CalendarDemo2 -->
