<?xml version="1.0" encoding="UTF-8"?>
<!-- Generated by org.testng.reporters.JUnitReportReporter -->
<testsuite hostname="DESKTOP-O259R8J" failures="0" tests="1" name="GoogleSearch" time="8.129" errors="0" timestamp="08 May 2019 23:31:38 GMT" skipped="0">
  <testcase classname="GoogleSearch" name="testGoogleSearch" time="8.129"/>
</testsuite> <!-- GoogleSearch -->
