<?xml version="1.0" encoding="UTF-8"?>
<!-- Generated by org.testng.reporters.JUnitReportReporter -->
<testsuite hostname="DESKTOP-O259R8J" failures="0" tests="1" name="HandlePopUp" time="7.390" errors="0" timestamp="05 May 2019 23:13:13 GMT" skipped="0">
  <testcase classname="HandlePopUp" name="testpopUp" time="7.390"/>
</testsuite> <!-- HandlePopUp -->
