<?xml version="1.0" encoding="UTF-8"?>
<!-- Generated by org.testng.reporters.JUnitReportReporter -->
<testsuite hostname="DESKTOP-O259R8J" failures="0" tests="1" name="CountLinks" time="34.769" errors="0" timestamp="07 May 2019 16:58:09 GMT" skipped="0">
  <testcase classname="CountLinks" name="countAllLinks" time="34.769"/>
</testsuite> <!-- CountLinks -->
